03089,18,19,21,26,27,33,16,12,2003-12-28
03088,03,10,21,22,24,33,12,0,2003-12-25
03087,02,03,04,05,24,28,13,02,2003-12-21
03086,05,12,16,18,26,30,13,0,2003-12-18
03085,01,04,11,12,19,27,14,02,2003-12-14
03084,02,06,07,10,17,33,03,0,2003-12-11
03083,01,03,14,18,26,28,01,16,2003-12-07
03082,07,17,18,19,30,31,14,0,2003-12-04
03081,01,02,14,26,29,30,07,03,2003-11-30
03080,09,20,24,25,28,30,10,0,2003-11-27
03079,12,15,22,23,26,31,04,11,2003-11-23
03078,07,12,23,26,29,30,11,0,2003-11-20
03077,04,12,16,22,24,25,06,09,2003-11-16
03076,01,13,16,18,20,29,02,0,2003-11-13
03075,16,17,19,22,31,33,11,09,2003-11-09
03074,02,12,19,22,27,32,01,0,2003-11-06
03073,02,12,14,21,23,30,13,02,2003-11-02
03072,03,06,08,11,19,27,11,0,2003-10-30
03071,09,11,12,14,15,33,11,08,2003-10-26
03070,01,02,04,17,18,19,08,0,2003-10-23
03069,07,11,16,19,26,28,11,07,2003-10-19
03068,09,19,25,27,32,33,11,0,2003-10-16
03067,05,11,12,13,27,31,10,04,2003-10-12
03066,03,07,08,20,24,32,14,0,2003-10-09
03065,06,15,16,17,30,33,11,06,2003-10-05
03064,04,06,08,12,15,30,01,0,2003-10-02
03063,05,08,09,14,21,33,11,08,2003-09-28
03062,01,06,12,19,20,32,14,0,2003-09-25
03061,03,05,20,21,28,32,02,03,2003-09-21
03060,02,04,06,17,21,28,11,0,2003-09-18
03059,02,03,05,06,18,30,04,12,2003-09-14
03058,09,11,16,28,32,33,02,0,2003-09-11
03057,18,19,24,25,30,31,16,10,2003-09-07
03056,08,17,21,26,28,29,07,0,2003-09-04
03055,06,13,16,21,28,31,16,04,2003-08-31
03054,02,05,09,21,31,33,12,0,2003-08-28
03053,15,19,20,21,28,29,13,07,2003-08-24
03052,01,12,13,23,30,31,11,0,2003-08-21
03051,04,13,15,17,24,27,01,04,2003-08-17
03050,02,08,17,23,24,26,13,0,2003-08-14
03049,03,06,07,13,24,25,15,07,2003-08-10
03048,10,12,20,28,30,31,09,0,2003-08-07
03047,03,17,26,28,32,33,16,04,2003-08-03
03046,07,08,10,11,17,26,11,0,2003-07-31
03045,03,07,14,15,17,32,03,09,2003-07-27
03044,02,05,09,16,32,33,15,0,2003-07-24
03043,02,08,10,19,20,32,13,05,2003-07-20
03042,03,05,07,10,15,20,07,0,2003-07-17
03041,02,03,17,18,24,25,11,04,2003-07-13
03040,04,05,06,12,14,23,16,0,2003-07-10
03039,03,05,23,24,27,32,03,09,2003-07-06
03038,05,07,08,24,25,27,16,0,2003-07-03
03037,09,14,17,18,26,32,07,13,2003-06-29
03036,07,21,24,25,27,28,15,0,2003-06-26
03035,03,04,05,08,10,11,08,01,2003-06-22
03034,08,13,14,16,23,25,14,0,2003-06-19
03033,01,07,14,20,27,30,10,07,2003-06-15
03032,04,11,25,27,29,30,13,0,2003-06-12
03031,11,17,20,22,28,32,01,15,2003-06-08
03030,02,06,13,14,23,27,07,0,2003-06-05
03029,02,07,15,26,29,32,10,04,2003-06-01
03028,06,13,16,20,28,32,07,0,2003-05-29
03027,01,11,14,17,27,28,15,16,2003-05-25
03026,08,13,15,26,29,31,16,0,2003-05-22
03025,01,05,11,13,14,27,12,09,2003-05-18
03024,02,07,15,17,22,30,14,0,2003-05-15
03023,01,10,20,22,26,31,02,13,2003-05-11
03022,02,07,11,12,14,32,08,0,2003-05-08
03021,14,15,18,25,26,30,01,15,2003-05-04
03020,07,10,25,26,27,32,04,0,2003-05-01
03019,04,08,12,13,16,33,09,02,2003-04-27
03018,05,16,19,20,25,28,13,0,2003-04-24
03017,05,08,18,23,25,31,06,15,2003-04-20
03016,11,17,28,30,31,33,06,0,2003-04-17
03015,04,11,19,25,26,32,13,07,2003-04-13
03014,03,05,07,08,21,31,02,0,2003-04-10
03013,08,13,17,21,23,32,12,11,2003-04-06
03012,02,12,16,17,27,30,12,0,2003-04-03
03011,04,05,11,12,30,32,15,10,2003-03-30
03010,01,02,08,13,17,24,13,0,2003-03-27
03009,05,09,18,20,22,30,09,10,2003-03-23
03008,05,08,09,14,17,23,08,0,2003-03-20
03007,01,09,19,21,23,26,07,03,2003-03-16
03006,01,03,10,21,26,27,06,0,2003-03-13
03005,04,06,15,17,30,31,16,13,2003-03-09
03004,04,06,07,10,13,25,03,0,2003-03-06
03003,01,07,10,23,28,32,16,03,2003-03-02
03002,04,09,19,20,21,26,12,0,2003-02-27
03001,10,11,12,13,26,28,11,10,2003-02-23
04122,03,11,14,22,24,31,15,0,2004-12-30
04121,07,13,16,18,30,32,10,0,2004-12-28
04120,07,08,18,21,27,32,10,13,2004-12-26
04119,06,09,18,20,25,33,06,0,2004-12-23
04118,03,04,07,12,30,31,15,0,2004-12-21
04117,01,03,07,14,24,25,07,13,2004-12-19
04116,01,03,05,08,14,33,03,0,2004-12-16
04115,02,16,20,30,31,33,01,0,2004-12-14
04114,01,06,09,17,21,22,01,04,2004-12-13
04113,08,10,23,25,31,32,07,0,2004-12-10
04112,09,13,15,21,26,33,06,0,2004-12-07
04111,11,16,18,20,26,31,02,08,2004-12-05
04110,14,19,20,21,22,31,11,0,2004-12-02
04109,06,08,10,17,30,31,14,0,2004-11-30
04108,08,13,14,27,28,31,12,08,2004-11-28
04107,01,08,12,13,18,20,07,0,2004-11-25
04106,10,15,23,26,28,29,12,0,2004-11-23
04105,07,09,10,21,23,30,12,15,2004-11-21
04104,07,11,17,18,24,29,05,0,2004-11-18
04103,02,03,05,09,16,21,02,0,2004-11-16
04102,03,09,12,15,28,32,01,05,2004-11-14
04101,02,09,14,19,25,26,15,0,2004-11-11
04100,06,08,09,14,24,33,15,0,2004-11-09
04099,05,10,21,22,26,33,02,13,2004-11-07
04098,03,12,13,25,26,31,03,0,2004-11-04
04097,10,19,20,26,29,31,14,0,2004-11-02
04096,01,04,12,16,20,30,15,04,2004-10-31
04095,19,22,27,28,30,32,01,0,2004-10-28
04094,05,09,10,13,24,25,08,0,2004-10-26
04093,11,14,20,27,32,33,05,15,2004-10-24
04092,01,04,08,13,28,31,02,0,2004-10-21
04091,09,13,14,21,30,33,01,0,2004-10-19
04090,01,18,20,24,32,33,12,02,2004-10-17
04089,14,17,20,25,28,30,14,0,2004-10-14
04088,02,10,19,22,24,32,14,0,2004-10-12
04087,01,03,07,08,25,26,14,12,2004-10-10
04086,10,13,18,19,25,27,01,0,2004-10-07
04085,03,08,11,29,30,32,01,0,2004-10-05
04084,01,04,08,11,21,25,14,01,2004-10-03
04083,14,16,27,28,30,33,06,0,2004-09-30
04082,03,20,24,27,29,30,15,0,2004-09-28
04081,03,05,21,24,27,32,06,09,2004-09-26
04080,03,08,20,23,24,26,16,0,2004-09-23
04079,07,13,14,17,19,30,03,0,2004-09-21
04078,04,05,10,21,24,26,05,06,2004-09-19
04077,08,09,10,14,16,26,07,0,2004-09-16
04076,03,05,13,17,25,31,07,0,2004-09-14
04075,07,18,21,26,27,28,07,14,2004-09-12
04074,05,06,15,19,26,29,13,0,2004-09-09
04073,02,07,13,16,23,28,16,0,2004-09-07
04072,08,15,18,28,30,33,14,09,2004-09-05
04071,03,08,16,17,21,29,06,0,2004-09-02
04070,10,12,21,22,30,33,06,0,2004-08-31
04069,02,11,15,20,22,29,05,15,2004-08-29
04068,02,08,11,13,24,31,15,0,2004-08-26
04067,01,06,07,13,16,32,04,0,2004-08-24
04066,05,13,20,23,24,25,03,13,2004-08-22
04065,13,14,27,29,32,33,08,0,2004-08-19
04064,14,15,18,20,27,31,04,03,2004-08-15
04063,07,10,13,16,27,28,07,0,2004-08-12
04062,01,12,25,27,28,29,13,03,2004-08-08
04061,13,16,19,20,23,33,09,0,2004-08-05
04060,03,05,11,24,27,28,15,01,2004-08-01
04059,04,07,11,19,23,26,10,0,2004-07-29
04058,01,08,11,12,27,31,12,04,2004-07-25
04057,05,21,23,25,28,32,04,0,2004-07-22
04056,01,20,21,25,29,30,02,09,2004-07-18
04055,06,08,19,25,29,32,07,0,2004-07-15
04054,09,11,14,16,27,28,11,15,2004-07-11
04053,02,03,04,09,24,25,02,0,2004-07-08
04052,01,12,14,15,17,29,09,16,2004-07-04
04051,02,03,09,10,15,29,11,0,2004-07-01
04050,06,07,19,21,25,29,02,10,2004-06-27
04049,11,12,14,16,25,29,09,0,2004-06-24
04048,08,09,11,16,17,29,09,02,2004-06-20
04047,01,07,08,11,27,31,06,0,2004-06-17
04046,07,15,16,22,23,32,14,10,2004-06-13
04045,01,12,18,26,27,28,13,0,2004-06-10
04044,02,06,07,12,31,32,05,07,2004-06-06
04043,04,09,10,21,22,24,10,0,2004-06-03
04042,06,10,13,17,18,21,02,10,2004-05-30
04041,08,10,17,22,25,29,14,0,2004-05-27
04040,07,17,19,20,21,29,11,02,2004-05-23
04039,10,16,18,25,26,29,03,0,2004-05-20
04038,11,16,17,25,28,29,07,11,2004-05-16
04037,03,04,11,17,20,26,05,0,2004-05-13
04036,02,13,17,18,26,30,01,03,2004-05-09
04035,02,08,26,27,30,32,16,0,2004-05-06
04034,02,07,13,20,27,30,14,03,2004-05-02
04033,01,04,08,09,19,20,01,0,2004-04-29
04032,02,05,08,11,15,31,13,16,2004-04-25
04031,03,06,19,20,21,24,11,0,2004-04-22
04030,01,07,09,17,26,31,05,06,2004-04-18
04029,09,13,20,22,24,32,05,0,2004-04-15
04028,01,02,03,05,10,22,12,14,2004-04-11
04027,01,05,09,10,18,32,11,0,2004-04-08
04026,04,10,14,18,28,32,15,07,2004-04-04
04025,07,08,10,24,29,33,04,0,2004-04-01
04024,01,13,21,23,25,32,06,01,2004-03-28
04023,01,08,14,17,19,30,03,0,2004-03-25
04022,03,10,14,19,20,30,06,05,2004-03-21
04021,05,09,11,17,26,27,10,0,2004-03-18
04020,01,02,09,22,28,31,04,03,2004-03-14
04019,05,10,11,23,24,32,04,0,2004-03-11
04018,02,05,06,08,28,30,06,12,2004-03-07
04017,05,12,14,15,25,31,09,0,2004-03-04
04016,04,07,08,28,30,32,05,07,2004-02-29
04015,01,03,05,18,22,23,13,0,2004-02-26
04014,03,07,11,17,20,26,12,08,2004-02-22
04013,12,14,21,29,30,32,13,0,2004-02-19
04012,01,07,27,30,31,33,08,15,2004-02-15
04011,01,04,13,23,28,30,03,0,2004-02-12
04010,06,07,08,13,14,19,15,01,2004-02-08
04009,01,09,10,16,22,24,11,0,2004-02-05
04008,01,07,10,22,32,33,13,14,2004-02-01
04007,04,12,17,20,25,28,09,0,2004-01-29
04006,04,12,18,20,23,32,06,01,2004-01-18
04005,09,11,13,16,17,18,07,0,2004-01-15
04004,10,19,22,23,25,29,09,08,2004-01-11
04003,03,05,06,17,26,33,08,0,2004-01-08
04002,10,12,18,22,30,31,11,13,2004-01-04
04001,01,02,03,07,10,25,07,0,2004-01-01
05153,04,05,07,21,26,29,01,01,2005-12-29
05152,01,05,12,14,21,27,03,0,2005-12-27
05151,04,11,12,13,19,30,05,10,2005-12-25
05150,03,07,10,14,18,20,02,0,2005-12-22
05149,11,16,21,23,25,32,07,0,2005-12-20
05148,03,15,17,23,24,29,13,16,2005-12-18
05147,06,07,15,27,28,30,10,0,2005-12-15
05146,07,11,19,20,24,28,02,0,2005-12-13
05145,03,07,08,17,20,28,15,12,2005-12-11
05144,01,08,14,15,19,27,09,0,2005-12-08
05143,03,10,15,17,20,32,08,0,2005-12-06
05142,07,10,12,17,22,29,05,15,2005-12-04
05141,03,05,08,12,16,19,15,0,2005-12-01
05140,04,06,07,08,12,17,07,0,2005-11-29
05139,02,07,20,23,32,33,10,13,2005-11-27
05138,03,05,06,11,20,22,13,0,2005-11-24
05137,03,09,15,23,25,33,12,0,2005-11-22
05136,05,14,16,18,25,27,13,14,2005-11-20
05135,01,05,13,15,21,25,11,0,2005-11-17
05134,04,13,14,18,26,30,01,0,2005-11-15
05133,01,07,14,16,18,25,11,13,2005-11-13
05132,02,04,10,18,27,29,15,0,2005-11-10
05131,02,07,10,11,12,24,03,0,2005-11-08
05130,03,05,09,15,20,25,16,11,2005-11-06
05129,05,10,14,20,27,33,03,0,2005-11-03
05128,02,04,14,23,29,33,15,0,2005-11-01
05127,04,06,11,14,23,25,12,08,2005-10-30
05126,02,08,13,19,25,26,09,0,2005-10-27
05125,06,14,18,28,31,32,03,0,2005-10-25
05124,05,06,10,19,31,33,11,14,2005-10-23
05123,11,12,13,17,18,25,07,0,2005-10-20
05122,01,04,07,14,30,32,09,0,2005-10-18
05121,01,07,20,25,31,32,12,15,2005-10-16
05120,01,06,13,18,30,32,14,0,2005-10-13
05119,01,07,11,18,20,22,02,0,2005-10-11
05118,04,09,12,15,26,31,16,15,2005-10-09
05117,06,17,22,27,28,32,03,08,2005-10-06
05116,04,06,08,14,15,30,10,04,2005-10-04
05115,03,12,18,23,30,33,02,01,2005-10-02
05114,06,07,10,15,21,27,06,0,2005-09-29
05113,15,18,20,22,26,27,03,0,2005-09-27
05112,04,12,22,28,29,30,16,14,2005-09-25
05111,03,07,15,16,19,29,09,0,2005-09-22
05110,07,10,16,19,24,25,09,0,2005-09-20
05109,03,05,13,15,17,31,04,03,2005-09-18
05108,03,10,12,24,29,30,06,0,2005-09-15
05107,09,10,20,24,25,26,11,0,2005-09-13
05106,01,11,13,24,26,31,13,08,2005-09-11
05105,04,15,23,30,32,33,03,0,2005-09-08
05104,02,04,21,23,30,33,09,0,2005-09-06
05103,04,07,16,18,23,30,07,05,2005-09-04
05102,02,05,06,14,24,31,12,0,2005-09-01
05101,09,16,19,21,22,24,12,0,2005-08-30
05100,02,04,09,14,16,31,03,11,2005-08-28
05099,10,13,16,22,24,31,09,0,2005-08-25
05098,12,15,19,22,31,33,01,0,2005-08-23
05097,05,10,23,27,28,30,15,06,2005-08-21
05096,04,05,17,18,26,33,04,0,2005-08-18
05095,09,12,18,21,28,29,05,0,2005-08-16
05094,03,05,09,23,27,33,03,01,2005-08-14
05093,04,06,17,23,25,29,14,0,2005-08-11
05092,08,13,19,26,28,31,10,0,2005-08-09
05091,01,11,12,15,26,27,13,02,2005-08-07
05090,01,09,21,25,29,32,03,0,2005-08-04
05089,05,19,20,23,26,31,12,0,2005-08-02
05088,01,03,07,18,20,24,07,16,2005-07-31
05087,08,09,15,16,23,26,08,0,2005-07-28
05086,07,11,12,24,27,29,12,0,2005-07-26
05085,08,09,13,14,20,22,12,15,2005-07-24
05084,01,02,07,15,19,20,03,0,2005-07-21
05083,03,05,09,14,16,30,13,0,2005-07-19
05082,01,07,11,14,19,20,12,09,2005-07-17
05081,02,04,10,12,26,30,03,0,2005-07-14
05080,01,12,14,26,27,32,16,0,2005-07-12
05079,03,09,20,24,25,28,05,11,2005-07-10
05078,03,11,15,20,26,32,11,0,2005-07-07
05077,08,17,22,24,32,33,16,0,2005-07-05
05076,04,09,11,22,25,28,13,02,2005-07-03
05075,11,13,14,16,18,31,14,0,2005-06-30
05074,06,09,18,20,26,29,09,0,2005-06-28
05073,01,06,08,09,18,20,01,04,2005-06-26
05072,06,10,19,20,24,33,11,0,2005-06-23
05071,04,08,12,14,16,22,10,0,2005-06-21
05070,03,04,08,14,16,26,04,05,2005-06-19
05069,07,09,21,24,31,33,12,0,2005-06-16
05068,01,08,10,13,25,33,13,0,2005-06-14
05067,03,12,16,20,21,26,16,02,2005-06-12
05066,02,04,10,11,25,28,05,0,2005-06-09
05065,12,16,17,21,22,23,16,0,2005-06-07
05064,10,18,23,27,30,32,08,01,2005-06-05
05063,02,11,13,18,22,30,04,0,2005-06-02
05062,02,07,11,12,20,23,07,0,2005-05-31
05061,05,09,14,21,23,24,01,09,2005-05-29
05060,09,12,21,25,31,33,13,0,2005-05-26
05059,07,11,14,18,24,29,07,0,2005-05-24
05058,04,06,10,21,25,26,10,15,2005-05-22
05057,05,06,10,15,30,31,13,0,2005-05-19
05056,12,17,19,27,29,31,09,0,2005-05-17
05055,05,20,22,30,32,33,09,07,2005-05-15
05054,05,13,17,18,21,29,14,0,2005-05-12
05053,04,07,10,14,27,29,09,0,2005-05-10
05052,01,02,14,17,30,32,01,13,2005-05-08
05051,03,06,14,19,20,21,02,0,2005-05-05
05050,02,09,12,20,26,32,13,0,2005-05-03
05049,02,03,08,10,25,27,12,02,2005-05-01
05048,06,07,08,10,16,28,02,0,2005-04-28
05047,02,03,05,07,08,27,15,0,2005-04-26
05046,09,16,18,20,22,24,05,11,2005-04-24
05045,01,07,10,15,18,20,10,0,2005-04-21
05044,01,06,16,17,18,22,09,0,2005-04-19
05043,04,05,06,07,08,32,05,01,2005-04-17
05042,11,16,21,26,27,30,15,0,2005-04-14
05041,02,11,16,23,24,29,03,0,2005-04-12
05040,01,12,21,24,30,32,13,04,2005-04-10
05039,02,16,18,19,21,29,09,0,2005-04-07
05038,04,07,11,20,27,28,16,0,2005-04-05
05037,07,12,14,22,24,32,16,14,2005-04-03
05036,12,19,20,21,26,31,15,0,2005-03-31
05035,12,16,21,28,29,30,14,0,2005-03-29
05034,05,17,18,25,28,32,09,06,2005-03-27
05033,07,08,12,14,19,20,07,0,2005-03-24
05032,05,15,19,20,25,29,03,0,2005-03-22
05031,04,10,16,20,23,32,07,05,2005-03-20
05030,01,05,09,14,22,28,05,0,2005-03-17
05029,02,14,21,22,27,30,14,0,2005-03-15
05028,04,09,22,25,26,32,10,05,2005-03-13
05027,01,03,04,06,21,32,15,0,2005-03-10
05026,06,12,14,20,25,26,07,0,2005-03-08
05025,01,07,10,11,13,32,07,15,2005-03-06
05024,05,09,14,27,31,32,13,0,2005-03-03
05023,10,15,19,20,21,25,12,0,2005-03-01
05022,08,10,12,21,32,33,04,06,2005-02-27
05021,02,06,24,26,30,31,16,05,2005-02-24
05020,14,16,19,20,25,29,05,07,2005-02-22
05019,06,11,12,13,19,22,08,02,2005-02-20
05018,01,03,06,22,23,25,06,03,2005-02-17
05017,02,06,10,25,27,31,03,01,2005-02-16
05016,01,05,06,12,16,30,15,07,2005-02-06
05015,04,08,09,16,17,29,15,0,2005-02-03
05014,13,19,21,23,30,32,05,0,2005-02-01
05013,07,08,16,19,20,24,06,13,2005-01-30
05012,02,03,06,16,22,31,05,0,2005-01-27
05011,09,11,13,15,22,30,15,0,2005-01-25
05010,08,10,11,18,25,26,01,04,2005-01-23
05009,02,17,22,27,29,31,14,0,2005-01-20
05008,11,19,22,27,32,33,11,0,2005-01-18
05007,07,15,17,20,23,33,15,10,2005-01-16
05006,02,04,05,15,21,31,16,0,2005-01-13
05005,05,09,20,26,28,33,15,0,2005-01-11
05004,01,04,08,09,22,23,03,02,2005-01-09
05003,09,12,15,19,22,31,16,0,2005-01-06
05002,06,09,20,26,28,33,14,0,2005-01-04
05001,01,07,08,23,27,28,14,11,2005-01-02
06154,07,14,18,20,30,33,13,01,2006-12-31
06153,01,07,11,20,30,33,10,0,2006-12-28
06152,01,14,20,25,27,31,15,0,2006-12-26
06151,01,03,04,06,16,22,08,14,2006-12-24
06150,08,09,12,18,25,27,12,0,2006-12-21
06149,02,03,05,11,15,32,15,0,2006-12-19
06148,04,08,12,13,23,29,01,13,2006-12-17
06147,01,04,15,17,27,31,01,0,2006-12-14
06146,03,09,13,23,28,30,05,0,2006-12-12
06145,02,07,23,26,28,31,07,06,2006-12-10
06144,04,10,13,16,22,29,06,0,2006-12-07
06143,01,15,20,29,31,32,08,0,2006-12-05
06142,10,16,19,22,26,27,16,04,2006-12-03
06141,16,18,22,23,25,31,11,0,2006-11-30
06140,01,08,11,18,19,23,05,0,2006-11-28
06139,07,08,14,21,23,25,05,08,2006-11-26
06138,04,09,11,17,18,26,08,0,2006-11-23
06137,10,14,17,21,27,31,09,0,2006-11-21
06136,11,15,17,21,22,24,05,14,2006-11-19
06135,04,19,21,22,23,31,04,0,2006-11-16
06134,10,13,18,26,28,30,12,0,2006-11-14
06133,04,06,20,25,29,31,03,01,2006-11-12
06132,06,14,22,26,30,33,01,0,2006-11-09
06131,03,04,09,22,26,33,01,0,2006-11-07
06130,01,12,21,22,30,32,02,04,2006-11-05
06129,09,14,18,22,27,29,12,0,2006-11-02
06128,04,15,21,30,31,33,05,0,2006-10-31
06127,03,04,11,17,19,30,01,04,2006-10-29
06126,02,08,13,16,24,33,09,0,2006-10-26
06125,15,19,23,30,32,33,06,0,2006-10-24
06124,12,13,14,18,31,32,13,12,2006-10-22
06123,02,03,20,25,28,32,06,0,2006-10-19
06122,04,05,06,08,22,24,03,0,2006-10-17
06121,03,04,06,27,31,33,06,14,2006-10-15
06120,06,08,14,15,24,33,09,0,2006-10-12
06119,01,02,14,20,27,30,02,0,2006-10-10
06118,01,03,07,08,10,30,05,09,2006-10-08
06117,06,14,20,22,23,26,09,14,2006-10-05
06116,05,16,21,22,32,33,09,03,2006-10-03
06115,01,10,20,26,28,29,15,07,2006-10-01
06114,08,10,14,20,27,29,16,0,2006-09-28
06113,05,14,17,18,28,33,02,0,2006-09-26
06112,04,09,13,15,31,33,11,16,2006-09-24
06111,01,08,11,16,17,22,15,0,2006-09-21
06110,09,12,14,18,27,33,13,0,2006-09-19
06109,01,05,17,18,23,26,13,06,2006-09-17
06108,02,06,08,20,24,30,09,0,2006-09-14
06107,01,06,08,13,17,30,07,0,2006-09-12
06106,02,12,14,19,28,33,10,15,2006-09-10
06105,05,12,14,15,20,31,01,0,2006-09-07
06104,03,07,22,27,28,31,11,0,2006-09-05
06103,12,14,15,25,28,31,06,12,2006-09-03
06102,01,04,13,19,20,24,11,0,2006-08-31
06101,09,12,20,26,27,28,16,0,2006-08-29
06100,01,11,18,26,30,32,03,16,2006-08-27
06099,09,12,18,23,24,27,05,0,2006-08-24
06098,06,07,10,11,18,23,16,0,2006-08-22
06097,11,14,15,20,26,27,12,02,2006-08-20
06096,01,05,09,13,18,33,14,0,2006-08-17
06095,01,03,17,20,21,29,16,0,2006-08-15
06094,15,16,17,18,24,33,13,05,2006-08-13
06093,02,12,16,18,19,23,05,0,2006-08-10
06092,02,08,11,16,20,21,14,0,2006-08-08
06091,07,08,12,21,22,24,07,11,2006-08-06
06090,02,11,15,20,23,29,11,0,2006-08-03
06089,01,13,16,18,19,22,01,0,2006-08-01
06088,03,11,20,24,25,26,01,08,2006-07-30
06087,04,05,08,09,12,30,05,0,2006-07-27
06086,04,06,10,24,26,31,06,0,2006-07-25
06085,02,06,18,21,24,25,08,14,2006-07-23
06084,01,12,17,21,25,28,12,0,2006-07-21
06083,07,09,18,19,26,29,10,0,2006-07-18
06082,03,13,15,23,28,29,09,02,2006-07-16
06081,14,16,18,21,22,32,04,0,2006-07-13
06080,15,17,20,22,26,29,09,0,2006-07-11
06079,06,11,13,17,20,32,08,10,2006-07-09
06078,03,05,17,22,31,33,12,0,2006-07-06
06077,08,09,12,13,19,33,09,0,2006-07-04
06076,04,10,17,21,29,32,14,08,2006-07-02
06075,10,21,22,23,25,33,11,0,2006-06-29
06074,01,03,15,19,25,33,04,0,2006-06-27
06073,05,13,16,18,27,29,12,06,2006-06-25
06072,02,03,05,20,21,24,08,0,2006-06-22
06071,05,11,12,19,29,31,01,0,2006-06-20
06070,02,03,11,13,20,27,02,13,2006-06-18
06069,05,16,20,22,29,30,08,0,2006-06-15
06068,03,07,10,14,30,33,10,0,2006-06-13
06067,07,08,11,16,17,24,13,10,2006-06-11
06066,06,08,11,18,30,33,05,0,2006-06-08
06065,04,08,17,28,29,30,13,0,2006-06-06
06064,03,12,14,21,24,28,11,14,2006-06-04
06063,04,05,15,21,23,24,08,0,2006-06-01
06062,18,22,23,24,26,30,01,0,2006-05-30
06061,05,13,17,19,25,30,11,08,2006-05-28
06060,05,15,19,23,30,32,14,0,2006-05-25
06059,05,10,15,17,27,29,11,0,2006-05-23
06058,01,12,22,23,24,25,14,10,2006-05-21
06057,03,04,17,18,21,31,08,0,2006-05-18
06056,11,13,15,21,23,25,08,0,2006-05-16
06055,04,05,28,29,31,33,11,01,2006-05-14
06054,03,05,07,10,28,30,04,0,2006-05-11
06053,01,11,17,27,28,31,02,0,2006-05-09
06052,11,24,26,27,30,32,03,02,2006-05-07
06051,02,06,07,17,27,30,16,03,2006-05-04
06050,02,06,12,15,25,31,07,09,2006-05-02
06049,06,10,12,13,17,20,03,10,2006-04-30
06048,09,13,19,25,29,32,12,0,2006-04-27
06047,02,17,20,22,28,32,03,0,2006-04-25
06046,13,18,23,29,31,32,08,11,2006-04-23
06045,06,07,10,14,20,21,04,0,2006-04-20
06044,02,10,18,21,30,31,05,0,2006-04-18
06043,05,12,13,16,23,32,03,13,2006-04-16
06042,03,16,23,26,28,31,11,0,2006-04-13
06041,03,10,16,18,21,28,04,0,2006-04-11
06040,15,22,25,26,28,33,03,02,2006-04-09
06039,16,19,22,28,31,32,03,0,2006-04-06
06038,02,14,17,19,22,30,10,0,2006-04-04
06037,02,12,23,24,25,32,14,05,2006-04-02
06036,04,07,10,16,17,21,09,0,2006-03-30
06035,03,09,13,21,27,29,13,0,2006-03-28
06034,02,10,15,16,17,33,13,16,2006-03-26
06033,15,20,22,23,27,31,06,0,2006-03-23
06032,05,18,20,24,26,31,09,0,2006-03-21
06031,03,10,12,16,31,32,14,16,2006-03-19
06030,08,13,15,17,20,32,14,0,2006-03-16
06029,03,04,07,09,14,19,08,0,2006-03-14
06028,05,07,14,16,17,27,04,09,2006-03-12
06027,06,08,11,14,16,27,15,0,2006-03-09
06026,01,02,18,22,29,32,03,0,2006-03-07
06025,03,04,17,19,24,32,05,16,2006-03-05
06024,02,07,09,11,21,27,06,0,2006-03-02
06023,04,13,14,19,23,28,08,0,2006-02-28
06022,02,03,04,13,16,27,13,14,2006-02-26
06021,01,02,05,20,21,22,09,0,2006-02-23
06020,05,09,21,23,26,29,06,0,2006-02-21
06019,04,06,13,22,26,32,07,04,2006-02-19
06018,01,13,14,17,24,26,05,0,2006-02-16
06017,03,04,08,31,32,33,02,0,2006-02-14
06016,01,07,13,17,23,30,16,01,2006-02-12
06015,02,03,09,15,29,32,03,04,2006-02-09
06014,06,14,26,29,32,33,07,02,2006-02-07
06013,01,05,06,12,16,21,11,01,2006-02-05
06012,09,11,13,27,31,33,10,01,2006-01-26
06011,05,07,08,14,27,31,11,07,2006-01-24
06010,04,06,12,19,27,29,08,07,2006-01-22
06009,05,06,08,20,26,30,06,0,2006-01-19
06008,03,05,09,18,28,32,16,0,2006-01-17
06007,04,16,18,27,32,33,07,15,2006-01-15
06006,08,21,22,23,26,32,14,0,2006-01-12
06005,03,19,20,24,26,27,11,0,2006-01-10
06004,04,08,17,27,28,31,07,05,2006-01-08
06003,02,04,05,06,16,20,12,01,2006-01-05
06002,07,13,16,21,26,28,09,15,2006-01-03
06001,01,12,15,19,21,28,03,11,2006-01-01
07153,01,04,19,20,25,31,15,0,2007-12-30
07152,11,17,21,29,30,33,08,0,2007-12-27
07151,01,06,10,11,23,25,02,0,2007-12-25
07150,03,05,11,13,19,24,05,0,2007-12-23
07149,01,17,19,22,28,30,03,0,2007-12-20
07148,03,09,16,17,23,28,07,0,2007-12-18
07147,03,07,18,24,26,27,04,0,2007-12-16
07146,04,18,22,24,26,30,09,0,2007-12-13
07145,08,09,11,12,25,31,11,0,2007-12-11
07144,08,14,23,25,28,32,16,0,2007-12-09
07143,01,06,22,23,24,26,04,0,2007-12-06
07142,11,20,25,26,27,30,08,0,2007-12-04
07141,02,03,04,06,17,31,08,0,2007-12-02
07140,01,05,16,21,22,26,11,0,2007-11-29
07139,06,10,12,14,16,22,06,0,2007-11-27
07138,02,03,15,17,19,25,16,0,2007-11-25
07137,03,07,08,18,20,22,03,0,2007-11-22
07136,01,02,18,21,25,29,14,0,2007-11-20
07135,01,11,16,26,31,33,16,0,2007-11-18
07134,01,04,10,13,18,25,15,0,2007-11-15
07133,03,06,07,11,13,33,10,0,2007-11-13
07132,01,09,16,21,22,23,05,0,2007-11-11
07131,03,05,07,16,22,27,05,0,2007-11-08
07130,03,05,09,11,27,31,04,0,2007-11-06
07129,05,07,20,21,22,30,08,0,2007-11-04
07128,09,10,19,21,27,31,05,0,2007-11-01
07127,06,09,13,16,24,28,11,0,2007-10-30
07126,09,10,19,23,26,31,09,0,2007-10-28
07125,03,05,18,20,27,33,01,0,2007-10-25
07124,03,07,13,16,19,32,16,0,2007-10-23
07123,01,13,15,23,28,32,02,0,2007-10-21
07122,04,07,19,24,26,32,09,0,2007-10-18
07121,03,10,21,22,27,28,06,0,2007-10-16
07120,06,07,11,12,18,25,01,0,2007-10-14
07119,03,08,11,13,25,31,12,0,2007-10-11
07118,04,10,16,18,25,32,15,0,2007-10-09
07117,03,07,09,10,26,32,01,0,2007-10-07
07116,03,05,07,11,17,27,13,0,2007-10-04
07115,01,05,10,16,20,26,02,0,2007-10-02
07114,05,12,15,24,27,33,05,0,2007-09-30
07113,04,18,23,25,26,31,10,0,2007-09-27
07112,07,11,14,16,25,32,11,0,2007-09-25
07111,02,09,10,12,13,17,11,0,2007-09-23
07110,02,04,07,15,24,28,03,0,2007-09-20
07109,01,04,07,08,13,14,04,0,2007-09-18
07108,03,07,12,13,20,33,02,0,2007-09-16
07107,02,08,09,18,24,28,10,0,2007-09-13
07106,12,18,21,24,25,29,08,0,2007-09-11
07105,02,07,10,17,23,29,14,0,2007-09-09
07104,02,08,12,14,20,32,04,0,2007-09-06
07103,07,09,25,27,30,32,01,0,2007-09-04
07102,04,06,08,18,20,33,11,13,2007-09-02
07101,15,16,18,21,22,30,14,0,2007-08-30
07100,08,18,27,29,30,32,06,0,2007-08-28
07099,03,04,14,27,31,33,05,10,2007-08-26
07098,02,03,05,11,19,20,12,0,2007-08-23
07097,04,08,13,18,26,30,11,0,2007-08-21
07096,09,10,20,22,30,32,08,02,2007-08-19
07095,01,06,08,18,29,32,07,0,2007-08-16
07094,03,05,18,19,24,32,02,0,2007-08-14
07093,05,10,13,15,19,29,02,15,2007-08-12
07092,14,18,22,23,24,33,09,0,2007-08-09
07091,02,11,17,30,31,32,07,0,2007-08-07
07090,05,11,13,27,30,31,02,10,2007-08-05
07089,03,07,08,15,19,28,03,0,2007-08-02
07088,02,04,10,28,29,33,06,0,2007-07-31
07087,01,03,04,05,08,21,09,04,2007-07-29
07086,05,08,14,22,27,29,16,0,2007-07-26
07085,02,12,17,19,29,30,12,0,2007-07-24
07084,06,10,12,14,20,27,10,03,2007-07-22
07083,11,14,18,20,21,26,05,0,2007-07-19
07082,05,15,17,18,25,32,15,0,2007-07-17
07081,09,14,15,19,24,33,13,16,2007-07-15
07080,01,08,16,18,19,29,04,0,2007-07-12
07079,03,04,14,20,21,25,14,0,2007-07-10
07078,04,06,07,23,25,32,01,13,2007-07-08
07077,06,08,14,21,28,29,02,0,2007-07-05
07076,06,12,15,16,20,31,02,0,2007-07-03
07075,13,16,17,22,30,32,03,02,2007-07-01
07074,08,13,15,25,27,28,03,0,2007-06-28
07073,05,09,11,19,28,31,02,0,2007-06-26
07072,02,04,08,13,14,33,16,14,2007-06-24
07071,01,06,14,21,30,31,09,0,2007-06-21
07070,06,08,15,17,18,30,12,0,2007-06-19
07069,03,04,11,12,14,32,12,06,2007-06-17
07068,11,18,19,22,23,28,01,0,2007-06-14
07067,06,11,13,17,21,23,11,0,2007-06-12
07066,05,11,16,24,32,33,08,09,2007-06-10
07065,04,07,19,21,25,31,07,0,2007-06-07
07064,02,06,09,16,21,23,16,0,2007-06-05
07063,10,15,17,24,26,28,12,04,2007-06-03
07062,08,17,20,29,30,33,09,0,2007-05-31
07061,01,06,07,11,20,23,05,0,2007-05-29
07060,01,02,08,16,19,29,05,06,2007-05-27
07059,01,03,04,06,07,29,14,0,2007-05-24
07058,07,08,10,13,25,27,07,0,2007-05-22
07057,05,11,18,19,20,21,09,03,2007-05-20
07056,14,17,21,29,31,32,12,0,2007-05-17
07055,02,06,11,22,28,29,02,0,2007-05-15
07054,01,03,16,18,23,28,05,03,2007-05-13
07053,10,13,16,17,18,27,11,0,2007-05-10
07052,02,03,07,08,26,29,07,0,2007-05-08
07051,03,14,16,26,27,33,13,08,2007-05-06
07050,01,05,08,13,18,25,02,04,2007-05-03
07049,04,14,18,19,31,33,02,10,2007-05-01
07048,02,11,12,15,17,28,12,03,2007-04-29
07047,02,04,16,18,23,30,06,0,2007-04-26
07046,02,06,07,09,19,26,14,0,2007-04-24
07045,01,12,18,21,28,30,10,05,2007-04-22
07044,09,13,20,21,24,32,08,0,2007-04-19
07043,03,08,10,11,14,30,05,0,2007-04-17
07042,03,13,16,19,32,33,08,04,2007-04-15
07041,01,03,09,11,26,31,12,0,2007-04-12
07040,13,14,15,19,24,30,10,0,2007-04-10
07039,06,07,19,24,27,29,01,05,2007-04-08
07038,03,11,14,19,21,30,05,0,2007-04-05
07037,10,11,16,23,31,33,16,0,2007-04-03
07036,03,14,21,23,30,31,10,11,2007-04-01
07035,01,04,08,12,29,31,06,0,2007-03-29
07034,02,09,12,14,23,25,16,0,2007-03-27
07033,03,04,11,17,18,28,09,15,2007-03-25
07032,04,08,16,24,30,32,16,0,2007-03-22
07031,04,06,10,12,19,31,01,0,2007-03-20
07030,03,16,21,22,27,30,04,02,2007-03-18
07029,06,08,09,11,19,21,10,0,2007-03-15
07028,03,08,13,20,29,30,11,0,2007-03-13
07027,02,03,09,22,24,27,11,13,2007-03-11
07026,01,04,14,16,26,29,10,0,2007-03-08
07025,03,16,18,22,23,26,03,0,2007-03-06
07024,08,09,17,25,27,32,06,15,2007-03-04
07023,03,07,13,17,32,33,02,10,2007-03-01
07022,02,04,07,10,18,27,10,08,2007-02-27
07021,03,06,09,11,25,31,13,05,2007-02-25
07020,05,10,16,20,28,31,14,03,2007-02-15
07019,04,11,16,23,29,31,14,02,2007-02-13
07018,01,12,18,20,21,26,11,02,2007-02-11
07017,05,09,10,24,25,32,14,0,2007-02-08
07016,01,18,20,22,26,33,05,0,2007-02-06
07015,03,04,08,18,22,30,15,11,2007-02-04
07014,01,13,16,20,24,26,09,0,2007-02-01
07013,05,15,18,27,29,32,05,0,2007-01-30
07012,03,05,07,21,26,28,04,16,2007-01-28
07011,03,10,15,25,28,33,16,0,2007-01-25
07010,03,08,14,17,30,32,05,0,2007-01-23
07009,02,04,14,15,25,27,15,14,2007-01-21
07008,01,04,05,18,19,25,10,0,2007-01-18
07007,04,12,15,17,22,32,14,0,2007-01-16
07006,06,10,14,22,26,27,11,06,2007-01-14
07005,01,05,06,16,24,30,12,0,2007-01-11
07004,03,07,10,13,25,33,10,0,2007-01-09
07003,05,09,11,12,22,27,15,09,2007-01-07
07002,05,06,14,20,21,22,01,04,2007-01-04
07001,02,04,09,10,20,26,14,04,2007-01-02
08154,02,05,07,21,22,26,08,0,2008-12-30
08153,01,04,18,21,24,30,16,0,2008-12-28
08152,01,04,06,22,26,30,08,0,2008-12-25
08151,06,08,10,14,17,19,06,0,2008-12-23
08150,04,19,22,24,29,32,02,0,2008-12-21
08149,10,14,22,28,29,33,02,0,2008-12-18
08148,03,05,09,22,26,28,09,0,2008-12-16
08147,07,08,14,22,26,33,02,0,2008-12-14
08146,07,08,17,19,31,32,10,0,2008-12-11
08145,07,13,18,22,26,29,02,0,2008-12-09
08144,02,05,10,27,29,33,15,0,2008-12-07
08143,12,17,18,19,26,27,06,0,2008-12-04
08142,05,06,10,13,17,28,15,0,2008-12-02
08141,03,13,20,25,29,33,15,0,2008-11-30
08140,07,14,16,29,30,31,14,0,2008-11-27
08139,08,09,19,23,25,26,07,0,2008-11-25
08138,07,14,19,23,25,32,04,0,2008-11-23
08137,01,04,24,28,29,33,09,0,2008-11-20
08136,05,09,10,12,18,28,02,0,2008-11-18
08135,05,14,15,16,19,21,15,0,2008-11-16
08134,10,15,19,20,28,32,02,0,2008-11-13
08133,08,11,16,19,24,26,11,0,2008-11-11
08132,09,13,16,25,27,33,08,0,2008-11-09
08131,02,12,15,18,22,32,08,0,2008-11-06
08130,01,12,18,28,30,32,06,0,2008-11-04
08129,01,03,18,24,25,32,15,0,2008-11-02
08128,01,05,19,20,27,33,05,0,2008-10-30
08127,05,08,19,22,27,30,13,0,2008-10-28
08126,04,11,12,14,20,30,13,0,2008-10-26
08125,10,11,12,15,26,29,09,0,2008-10-23
08124,01,07,10,13,21,22,03,0,2008-10-21
08123,10,11,15,16,25,29,02,0,2008-10-19
08122,02,08,11,14,19,26,15,0,2008-10-16
08121,02,22,23,27,31,32,06,0,2008-10-14
08120,10,11,22,24,26,33,02,0,2008-10-12
08119,05,07,09,15,24,29,07,0,2008-10-09
08118,04,09,16,27,31,33,01,0,2008-10-07
08117,03,05,07,10,14,33,07,0,2008-10-05
08116,03,07,21,22,24,29,14,0,2008-10-02
08115,02,12,13,14,17,18,06,0,2008-09-30
08114,04,09,20,24,25,31,14,0,2008-09-28
08113,06,09,10,12,17,22,09,0,2008-09-25
08112,05,13,14,19,22,23,06,0,2008-09-23
08111,17,18,21,25,31,32,06,0,2008-09-21
08110,10,16,22,23,29,31,02,0,2008-09-18
08109,04,07,09,16,21,28,10,0,2008-09-16
08108,09,10,15,17,23,30,12,0,2008-09-14
08107,06,13,18,22,27,32,04,0,2008-09-11
08106,14,19,25,27,29,30,15,0,2008-09-09
08105,05,17,19,27,28,32,02,0,2008-09-07
08104,03,06,08,17,24,31,01,0,2008-09-04
08103,01,12,16,18,22,33,04,0,2008-09-02
08102,03,07,12,21,25,32,05,0,2008-08-31
08101,09,17,21,26,28,30,04,0,2008-08-28
08100,08,14,17,21,27,28,14,0,2008-08-26
08099,10,15,16,22,23,24,07,0,2008-08-24
08098,06,07,10,11,15,30,01,0,2008-08-21
08097,03,06,08,09,16,17,13,0,2008-08-19
08096,06,08,12,24,27,31,14,0,2008-08-17
08095,03,08,14,21,28,29,03,0,2008-08-14
08094,01,04,15,16,23,28,14,0,2008-08-12
08093,04,10,12,16,26,28,07,0,2008-08-10
08092,01,03,18,27,28,30,05,0,2008-08-07
08091,03,12,14,23,31,32,10,0,2008-08-05
08090,02,07,14,18,19,24,01,0,2008-08-03
08089,03,06,11,16,22,27,11,0,2008-07-31
08088,01,06,08,16,17,23,05,0,2008-07-29
08087,01,07,26,29,30,31,06,0,2008-07-27
08086,04,05,10,26,27,30,12,0,2008-07-24
08085,01,04,12,20,24,29,15,0,2008-07-22
08084,04,07,13,20,29,30,16,0,2008-07-20
08083,07,08,09,18,29,32,09,0,2008-07-17
08082,04,08,10,12,21,26,09,0,2008-07-15
08081,02,12,13,18,25,31,04,0,2008-07-13
08080,04,14,22,25,29,32,14,0,2008-07-10
08079,03,04,05,10,20,32,09,0,2008-07-08
08078,06,13,16,26,30,33,01,0,2008-07-06
08077,04,12,22,26,30,33,09,0,2008-07-03
08076,02,05,07,11,13,18,11,0,2008-07-01
08075,01,08,14,18,22,30,03,0,2008-06-29
08074,01,11,15,19,20,24,09,0,2008-06-26
08073,01,09,13,22,28,33,08,0,2008-06-24
08072,01,05,10,18,22,30,09,0,2008-06-22
08071,01,06,21,26,27,28,09,0,2008-06-19
08070,05,06,12,15,18,33,13,0,2008-06-17
08069,05,08,17,20,26,30,10,0,2008-06-15
08068,05,07,17,23,27,29,07,0,2008-06-12
08067,10,11,15,19,26,33,13,0,2008-06-10
08066,07,12,21,22,29,30,08,0,2008-06-08
08065,05,13,15,19,30,31,05,0,2008-06-05
08064,01,02,07,09,12,18,12,0,2008-06-03
08063,05,09,11,14,16,17,15,0,2008-06-01
08062,06,08,13,17,24,27,15,0,2008-05-29
08061,01,02,05,12,26,31,06,0,2008-05-27
08060,06,07,08,17,30,32,03,0,2008-05-25
08059,02,06,15,29,31,32,16,0,2008-05-22
08058,01,12,21,27,29,31,11,0,2008-05-20
08057,19,20,21,26,28,30,08,0,2008-05-18
08056,08,13,22,23,25,30,07,0,2008-05-15
08055,11,16,19,23,26,31,04,0,2008-05-13
08054,02,06,16,17,20,25,07,0,2008-05-11
08053,06,12,19,20,21,27,04,0,2008-05-08
08052,02,10,17,23,29,31,10,0,2008-05-06
08051,01,04,08,10,13,33,11,0,2008-05-04
08050,01,11,19,24,26,27,03,0,2008-05-01
08049,03,10,12,13,19,25,04,0,2008-04-29
08048,11,18,21,27,30,32,01,0,2008-04-27
08047,09,12,13,14,20,22,10,0,2008-04-24
08046,15,16,18,24,28,33,15,0,2008-04-22
08045,01,10,13,21,29,32,04,0,2008-04-20
08044,05,07,09,20,26,29,09,0,2008-04-17
08043,03,10,16,22,27,33,14,0,2008-04-15
08042,03,04,09,11,12,24,01,0,2008-04-13
08041,08,11,20,22,23,27,04,0,2008-04-10
08040,06,13,22,25,27,28,09,0,2008-04-08
08039,01,07,10,13,22,29,01,0,2008-04-06
08038,03,09,10,11,15,19,13,0,2008-04-03
08037,01,12,22,24,28,31,06,0,2008-04-01
08036,02,06,13,18,23,28,16,0,2008-03-30
08035,07,11,14,17,18,29,16,0,2008-03-27
08034,03,05,09,11,21,29,09,0,2008-03-25
08033,12,17,18,30,31,33,04,0,2008-03-23
08032,05,14,16,21,23,28,13,0,2008-03-20
08031,03,06,11,15,21,31,13,0,2008-03-18
08030,06,15,18,19,20,28,11,0,2008-03-16
08029,01,09,14,22,29,32,12,0,2008-03-13
08028,01,13,21,26,29,32,10,0,2008-03-11
08027,15,18,19,23,24,26,13,0,2008-03-09
08026,05,17,19,27,29,32,03,0,2008-03-06
08025,08,16,17,18,19,21,14,0,2008-03-04
08024,11,20,21,26,28,30,13,0,2008-03-02
08023,08,16,18,25,26,32,02,0,2008-02-28
08022,12,18,20,24,28,32,05,0,2008-02-26
08021,09,12,19,20,26,28,15,0,2008-02-24
08020,03,10,13,15,28,30,03,0,2008-02-21
08019,02,09,11,17,27,31,05,0,2008-02-19
08018,02,05,06,23,26,33,13,0,2008-02-17
08017,02,05,07,17,20,22,02,0,2008-02-14
08016,03,12,14,21,29,33,13,0,2008-02-05
08015,06,08,11,16,29,33,03,0,2008-02-03
08014,03,09,11,17,21,31,14,0,2008-01-31
08013,02,08,15,16,22,28,10,0,2008-01-29
08012,03,04,05,16,20,30,13,0,2008-01-27
08011,02,14,17,21,30,32,03,0,2008-01-24
08010,03,08,11,17,21,27,09,0,2008-01-22
08009,09,21,29,30,31,32,16,0,2008-01-20
08008,02,15,16,23,26,27,07,0,2008-01-17
08007,01,13,17,22,23,30,11,0,2008-01-15
08006,01,14,16,18,22,27,14,0,2008-01-13
08005,03,05,15,22,24,25,15,0,2008-01-10
08004,04,08,22,23,27,29,08,0,2008-01-08
08003,06,08,11,13,17,19,12,0,2008-01-06
08002,03,04,18,22,25,29,09,0,2008-01-03
08001,02,04,07,09,14,29,03,0,2008-01-01
09154,01,07,12,14,18,25,16,0,2009-12-31
09153,06,07,08,20,21,25,10,0,2009-12-29
09152,03,04,19,21,27,28,05,0,2009-12-27
09151,06,08,10,16,25,30,14,0,2009-12-24
09150,04,06,07,16,19,20,04,0,2009-12-22
09149,01,03,16,18,22,29,04,0,2009-12-20
09148,06,12,15,22,29,32,10,0,2009-12-17
09147,06,08,10,18,22,32,16,0,2009-12-15
09146,03,09,16,20,22,33,15,0,2009-12-13
09145,03,05,11,15,26,33,11,0,2009-12-10
09144,01,05,10,17,18,29,12,0,2009-12-08
09143,05,09,11,17,23,28,10,0,2009-12-06
09142,07,11,15,19,20,24,13,0,2009-12-03
09141,02,13,21,28,29,31,09,0,2009-12-01
09140,04,05,11,18,22,33,12,0,2009-11-29
09139,01,05,15,17,27,29,02,0,2009-11-26
09138,04,07,14,26,32,33,14,0,2009-11-24
09137,08,12,14,15,17,21,01,0,2009-11-22
09136,01,04,14,22,30,33,01,0,2009-11-19
09135,01,03,14,19,30,33,16,0,2009-11-17
09134,03,05,12,15,28,33,06,0,2009-11-15
09133,05,09,13,18,20,32,01,0,2009-11-12
09132,04,14,15,21,23,30,07,0,2009-11-10
09131,16,23,25,26,32,33,05,0,2009-11-08
09130,02,03,07,12,13,30,11,0,2009-11-05
09129,06,07,16,17,24,25,07,0,2009-11-03
09128,05,08,15,16,26,32,01,0,2009-11-01
09127,02,11,12,14,15,16,04,0,2009-10-29
09126,03,05,06,10,19,23,15,0,2009-10-27
09125,06,07,08,22,26,27,12,0,2009-10-25
09124,03,04,22,23,28,30,10,0,2009-10-22
09123,09,13,20,22,25,28,14,0,2009-10-20
09122,07,14,16,27,29,32,01,0,2009-10-18
09121,02,04,06,10,25,30,09,0,2009-10-15
09120,01,02,08,12,16,30,16,0,2009-10-13
09119,06,07,10,12,15,21,05,0,2009-10-11
09118,12,16,25,26,27,31,05,0,2009-10-08
09117,05,09,15,21,26,31,13,0,2009-10-06
09116,05,17,21,25,27,32,14,0,2009-10-04
09115,02,09,13,15,19,24,03,0,2009-10-01
09114,03,05,11,12,31,32,11,0,2009-09-29
09113,04,12,20,25,28,29,16,0,2009-09-27
09112,06,07,18,24,30,32,09,0,2009-09-24
09111,02,04,07,14,15,25,15,0,2009-09-22
09110,04,10,13,15,19,30,14,0,2009-09-20
09109,05,06,07,14,25,28,01,0,2009-09-17
09108,04,10,17,28,32,33,02,0,2009-09-15
09107,07,08,20,23,28,29,05,0,2009-09-13
09106,01,02,15,18,20,29,04,0,2009-09-10
09105,02,08,10,16,27,30,15,0,2009-09-08
09104,20,22,26,29,30,32,16,0,2009-09-06
09103,06,11,17,20,23,24,09,0,2009-09-03
09102,03,05,07,08,14,31,10,0,2009-09-01
09101,01,02,05,10,19,24,14,0,2009-08-30
09100,02,11,17,27,30,33,11,0,2009-08-27
09099,08,09,18,20,25,29,09,0,2009-08-25
09098,03,14,15,20,23,30,02,0,2009-08-23
09097,07,13,24,26,28,32,14,0,2009-08-20
09096,01,26,27,31,32,33,03,0,2009-08-18
09095,08,09,14,28,31,33,15,0,2009-08-16
09094,03,16,22,25,26,33,14,0,2009-08-13
09093,01,11,20,31,32,33,01,0,2009-08-11
09092,02,06,07,14,18,31,08,0,2009-08-09
09091,03,08,11,14,25,29,04,0,2009-08-06
09090,07,09,14,20,23,30,14,0,2009-08-04
09089,02,03,07,11,19,32,04,0,2009-08-02
09088,04,07,11,15,16,17,02,0,2009-07-30
09087,06,11,13,20,28,32,06,0,2009-07-28
09086,11,12,13,18,23,32,11,0,2009-07-26
09085,04,08,12,17,20,30,03,0,2009-07-23
09084,04,09,11,20,32,33,13,0,2009-07-21
09083,02,08,12,18,24,28,04,0,2009-07-19
09082,11,15,18,21,27,29,02,0,2009-07-16
09081,04,05,06,25,29,30,03,0,2009-07-14
09080,01,11,13,25,32,33,06,0,2009-07-12
09079,02,09,16,21,30,31,13,0,2009-07-09
09078,05,07,12,14,15,20,13,0,2009-07-07
09077,01,09,14,16,28,32,16,0,2009-07-05
09076,09,18,19,25,28,31,06,0,2009-07-02
09075,01,13,15,17,20,30,05,0,2009-06-30
09074,05,10,16,19,23,28,13,0,2009-06-28
09073,09,16,17,18,22,27,14,0,2009-06-25
09072,01,03,12,20,21,29,04,0,2009-06-23
09071,04,05,23,26,31,32,06,0,2009-06-21
09070,01,02,09,10,21,31,10,0,2009-06-18
09069,03,05,12,18,21,23,02,0,2009-06-16
09068,06,11,18,20,25,30,05,0,2009-06-14
09067,04,10,16,23,28,30,05,0,2009-06-11
09066,02,15,19,24,31,32,04,0,2009-06-09
09065,08,12,20,22,30,33,02,0,2009-06-07
09064,01,02,14,23,28,29,15,0,2009-06-04
09063,02,05,11,26,30,32,16,0,2009-06-02
09062,10,19,20,21,23,32,10,0,2009-05-31
09061,10,11,13,16,19,30,03,0,2009-05-28
09060,07,13,17,26,32,33,04,0,2009-05-26
09059,03,07,13,23,27,30,11,0,2009-05-24
09058,05,08,10,15,23,26,09,0,2009-05-21
09057,05,07,10,14,17,25,11,0,2009-05-19
09056,04,09,10,18,29,32,08,0,2009-05-17
09055,03,04,18,22,24,29,11,0,2009-05-14
09054,16,17,23,26,31,32,11,0,2009-05-12
09053,07,12,18,19,22,28,04,0,2009-05-10
09052,09,11,15,19,21,30,08,0,2009-05-07
09051,06,10,13,16,21,23,07,0,2009-05-05
09050,13,21,24,29,30,32,04,0,2009-05-03
09049,09,12,14,20,30,31,06,0,2009-04-30
09048,03,07,11,15,17,31,01,0,2009-04-28
09047,06,08,11,15,21,22,16,0,2009-04-26
09046,16,20,21,26,29,30,09,0,2009-04-23
09045,03,04,06,23,30,32,01,0,2009-04-21
09044,11,14,16,18,26,30,01,0,2009-04-19
09043,04,09,10,15,18,26,07,0,2009-04-16
09042,08,16,22,23,27,30,11,0,2009-04-14
09041,01,08,23,26,28,33,08,0,2009-04-12
09040,04,07,10,20,26,30,12,0,2009-04-09
09039,05,12,14,15,21,27,03,0,2009-04-07
09038,12,13,15,23,28,32,05,0,2009-04-05
09037,02,06,15,18,20,31,03,0,2009-04-02
09036,06,09,18,23,32,33,07,0,2009-03-31
09035,06,15,21,26,29,31,05,0,2009-03-29
09034,09,12,18,21,22,26,07,0,2009-03-26
09033,07,08,13,14,29,30,06,0,2009-03-24
09032,09,11,12,19,27,32,06,0,2009-03-22
09031,01,02,03,15,30,33,01,0,2009-03-19
09030,08,14,24,26,28,32,07,0,2009-03-17
09029,12,13,15,22,23,29,13,0,2009-03-15
09028,03,06,12,15,23,26,10,0,2009-03-12
09027,02,07,11,16,27,32,06,0,2009-03-10
09026,11,15,17,18,20,30,16,0,2009-03-08
09025,10,20,22,23,26,33,11,0,2009-03-05
09024,01,03,17,23,30,33,12,0,2009-03-03
09023,01,06,07,15,24,30,08,0,2009-03-01
09022,05,08,09,10,11,18,08,0,2009-02-26
09021,01,04,05,17,24,27,09,0,2009-02-24
09020,03,05,07,10,19,23,13,0,2009-02-22
09019,06,17,19,20,26,27,04,0,2009-02-19
09018,02,05,06,19,27,30,15,0,2009-02-17
09017,06,14,15,19,25,26,08,0,2009-02-15
09016,02,07,13,16,20,33,03,0,2009-02-12
09015,02,04,06,15,17,32,05,0,2009-02-10
09014,03,06,09,14,15,18,02,0,2009-02-08
09013,04,08,09,21,26,27,09,0,2009-02-05
09012,05,11,14,17,18,28,01,0,2009-02-03
09011,02,04,13,14,18,23,15,0,2009-02-01
09010,03,10,17,19,20,24,02,0,2009-01-22
09009,08,15,21,30,31,33,02,0,2009-01-20
09008,04,15,16,22,32,33,02,0,2009-01-18
09007,01,05,12,23,25,26,15,0,2009-01-15
09006,06,12,18,20,26,33,02,0,2009-01-13
09005,01,03,08,15,17,21,13,0,2009-01-11
09004,03,11,13,17,28,31,03,0,2009-01-08
09003,02,03,06,15,25,30,02,0,2009-01-06
09002,10,14,17,25,29,33,14,0,2009-01-04
09001,04,21,23,24,30,31,04,0,2009-01-01
10153,03,06,12,19,30,31,13,0,2010-12-30
10152,04,09,17,21,25,31,01,0,2010-12-28
10151,02,13,14,17,19,26,14,0,2010-12-26
10150,02,17,18,23,29,30,06,0,2010-12-23
10149,02,07,08,16,25,30,09,0,2010-12-21
10148,01,03,07,18,23,27,12,0,2010-12-19
10147,02,08,15,18,24,30,03,0,2010-12-16
10146,01,17,18,22,25,32,01,0,2010-12-14
10145,03,21,24,27,28,31,08,0,2010-12-12
10144,02,03,08,15,19,21,11,0,2010-12-09
10143,09,16,18,26,30,31,14,0,2010-12-07
10142,02,16,18,23,26,27,10,0,2010-12-05
10141,02,03,07,18,23,27,06,0,2010-12-02
10140,01,12,13,18,26,29,15,0,2010-11-30
10139,11,13,18,20,26,31,09,0,2010-11-28
10138,01,21,23,24,26,30,05,0,2010-11-25
10137,07,09,10,13,19,33,06,0,2010-11-23
10136,04,10,23,24,26,33,10,0,2010-11-21
10135,04,10,13,25,26,30,10,0,2010-11-18
10134,09,15,16,22,27,28,06,0,2010-11-16
10133,03,09,17,21,26,32,01,0,2010-11-14
10132,02,10,12,18,24,33,15,0,2010-11-11
10131,05,06,15,16,19,26,06,0,2010-11-09
10130,01,02,07,15,21,31,16,0,2010-11-07
10129,04,08,14,25,28,32,16,0,2010-11-04
10128,04,11,19,20,24,28,12,0,2010-11-02
10127,01,04,08,17,25,33,01,0,2010-10-31
10126,03,13,18,20,27,28,05,0,2010-10-28
10125,06,07,13,23,28,29,09,0,2010-10-26
10124,02,06,08,11,12,25,02,0,2010-10-24
10123,06,12,15,18,29,32,10,0,2010-10-21
10122,02,09,12,16,25,27,06,0,2010-10-19
10121,08,11,13,18,25,30,15,0,2010-10-17
10120,01,02,05,06,10,29,16,0,2010-10-14
10119,07,17,25,27,30,31,09,0,2010-10-12
10118,05,08,11,13,15,25,05,0,2010-10-10
10117,01,08,20,22,24,28,01,0,2010-10-07
10116,05,09,10,20,22,26,07,0,2010-10-05
10115,01,22,24,25,29,33,15,0,2010-10-03
10114,01,08,11,15,17,25,01,0,2010-09-30
10113,05,10,15,18,20,28,10,0,2010-09-28
10112,01,08,18,24,29,30,16,0,2010-09-26
10111,04,07,08,13,17,18,10,0,2010-09-23
10110,01,03,12,24,26,27,01,0,2010-09-21
10109,04,15,18,25,29,32,15,0,2010-09-19
10108,02,04,08,20,23,24,07,0,2010-09-16
10107,08,12,15,17,22,33,16,0,2010-09-14
10106,02,06,08,15,26,29,16,0,2010-09-12
10105,01,08,09,19,21,31,11,0,2010-09-09
10104,07,17,23,24,27,32,02,0,2010-09-07
10103,06,09,14,17,20,33,09,0,2010-09-05
10102,04,11,16,20,22,29,10,0,2010-09-02
10101,04,09,18,21,25,26,06,0,2010-08-31
10100,01,06,12,22,23,26,08,0,2010-08-29
10099,03,04,17,24,27,30,06,0,2010-08-26
10098,01,03,08,16,29,33,07,0,2010-08-24
10097,10,16,18,21,24,26,01,0,2010-08-22
10096,07,12,21,23,24,28,03,0,2010-08-19
10095,09,11,16,17,25,27,14,0,2010-08-17
10094,03,05,07,27,31,32,10,0,2010-08-15
10093,09,10,19,28,32,33,06,0,2010-08-12
10092,03,13,19,27,28,30,02,0,2010-08-10
10091,06,13,16,20,22,24,16,0,2010-08-08
10090,01,06,10,15,25,31,14,0,2010-08-05
10089,07,08,09,16,23,26,01,0,2010-08-03
10088,05,06,15,23,27,30,12,0,2010-08-01
10087,01,08,16,17,25,30,10,0,2010-07-29
10086,05,21,28,29,30,31,08,0,2010-07-27
10085,01,08,12,13,24,27,08,0,2010-07-25
10084,02,10,14,18,20,30,03,0,2010-07-22
10083,02,20,21,22,23,31,12,0,2010-07-20
10082,01,08,13,14,27,31,02,0,2010-07-18
10081,02,03,09,24,26,27,05,0,2010-07-15
10080,08,10,13,14,16,23,16,0,2010-07-13
10079,08,11,12,14,18,22,02,0,2010-07-11
10078,01,03,09,11,17,23,12,0,2010-07-08
10077,02,08,14,20,21,24,09,0,2010-07-06
10076,01,12,14,29,31,32,15,0,2010-07-04
10075,05,09,12,13,15,22,14,0,2010-07-01
10074,02,10,17,18,19,29,15,0,2010-06-29
10073,01,16,20,23,27,31,02,0,2010-06-27
10072,06,08,22,23,30,31,01,0,2010-06-24
10071,05,13,14,17,20,26,01,0,2010-06-22
10070,08,13,23,27,31,33,07,0,2010-06-20
10069,12,14,20,22,24,32,11,0,2010-06-17
10068,03,13,18,20,23,28,13,0,2010-06-15
10067,01,07,10,14,21,25,01,0,2010-06-13
10066,01,03,21,22,31,32,07,0,2010-06-10
10065,02,07,08,17,30,32,12,0,2010-06-08
10064,08,14,25,26,30,31,11,0,2010-06-06
10063,02,06,10,17,23,24,03,0,2010-06-03
10062,11,13,15,20,31,33,03,0,2010-06-01
10061,02,04,16,19,22,26,12,0,2010-05-30
10060,01,08,15,18,22,27,09,0,2010-05-27
10059,01,09,11,12,18,30,10,0,2010-05-25
10058,01,04,11,17,19,29,12,0,2010-05-23
10057,05,11,12,19,25,32,05,0,2010-05-20
10056,01,02,03,08,13,32,07,0,2010-05-18
10055,02,03,13,19,20,23,08,0,2010-05-16
10054,01,06,08,12,14,25,06,0,2010-05-13
10053,03,22,24,27,28,30,14,0,2010-05-11
10052,01,02,19,23,27,29,10,0,2010-05-09
10051,04,17,23,27,28,32,03,0,2010-05-06
10050,07,21,22,26,28,30,11,0,2010-05-04
10049,01,06,10,26,27,28,02,0,2010-05-02
10048,01,06,08,10,23,33,02,0,2010-04-29
10047,03,10,13,20,21,32,15,0,2010-04-27
10046,11,12,21,23,27,32,05,0,2010-04-25
10045,02,03,04,13,20,29,01,0,2010-04-22
10044,03,09,21,23,27,31,05,0,2010-04-20
10043,04,10,19,22,28,33,04,0,2010-04-18
10042,03,06,11,20,31,32,10,0,2010-04-15
10041,03,05,13,19,25,29,12,0,2010-04-13
10040,12,19,24,25,30,32,11,0,2010-04-11
10039,08,17,21,23,25,32,12,0,2010-04-08
10038,01,06,07,11,13,16,01,0,2010-04-06
10037,03,16,19,21,24,26,06,0,2010-04-04
10036,06,13,14,28,29,30,08,0,2010-04-01
10035,09,10,11,18,19,21,10,0,2010-03-30
10034,06,11,13,22,25,32,12,0,2010-03-28
10033,08,10,11,12,25,29,09,0,2010-03-25
10032,08,18,21,28,29,33,08,0,2010-03-23
10031,05,07,13,24,25,28,04,0,2010-03-21
10030,03,06,10,16,25,31,05,0,2010-03-18
10029,01,05,14,16,17,22,03,0,2010-03-16
10028,01,03,06,12,16,32,12,0,2010-03-14
10027,03,04,15,25,26,30,13,0,2010-03-11
10026,02,04,05,08,19,22,12,0,2010-03-09
10025,04,05,07,10,13,25,11,0,2010-03-07
10024,07,16,26,27,29,31,14,0,2010-03-04
10023,02,09,11,22,24,27,11,0,2010-03-02
10022,01,02,18,29,31,32,02,0,2010-02-28
10021,02,09,16,17,19,25,04,0,2010-02-25
10020,05,06,14,22,24,26,09,0,2010-02-23
10019,02,10,22,24,26,27,06,0,2010-02-21
10018,11,28,29,30,32,33,02,0,2010-02-11
10017,01,03,06,11,12,23,11,0,2010-02-09
10016,02,08,10,12,30,33,16,0,2010-02-07
10015,01,04,16,21,23,28,06,0,2010-02-04
10014,01,03,07,14,26,28,02,0,2010-02-02
10013,01,02,03,16,18,23,12,0,2010-01-31
10012,02,08,13,14,25,33,10,0,2010-01-28
10011,07,08,14,22,24,30,07,0,2010-01-26
10010,07,08,12,15,22,26,08,0,2010-01-24
10009,01,09,13,21,24,32,06,0,2010-01-21
10008,05,07,13,15,18,30,14,0,2010-01-19
10007,14,22,27,28,30,33,14,0,2010-01-17
10006,03,05,07,13,14,18,05,0,2010-01-14
10005,03,05,06,08,17,18,14,0,2010-01-12
10004,01,12,13,16,23,28,07,0,2010-01-10
10003,14,22,26,27,28,31,04,0,2010-01-07
10002,03,06,07,23,30,33,13,0,2010-01-05
10001,07,17,18,27,29,32,13,0,2010-01-03
11153,05,08,09,10,20,25,13,0,2011-12-29
11152,04,10,11,12,21,26,13,0,2011-12-27
11151,07,11,16,19,31,33,10,0,2011-12-25
11150,08,10,12,15,22,27,13,0,2011-12-22
11149,04,05,06,07,23,31,16,0,2011-12-20
11148,05,14,22,23,25,26,14,0,2011-12-18
11147,04,08,12,17,18,30,10,0,2011-12-15
11146,11,23,26,28,32,33,10,0,2011-12-13
11145,02,04,14,15,26,30,04,0,2011-12-11
11144,01,02,09,10,16,24,03,0,2011-12-08
11143,07,08,12,14,15,30,16,0,2011-12-06
11142,12,15,16,26,29,31,02,0,2011-12-04
11141,02,04,06,19,24,29,11,0,2011-12-01
11140,04,18,20,22,27,29,06,0,2011-11-29
11139,08,20,24,27,30,31,03,0,2011-11-27
11138,01,05,15,24,28,32,07,0,2011-11-24
11137,02,11,18,23,30,33,13,0,2011-11-22
11136,02,04,06,20,22,31,07,0,2011-11-20
11135,12,13,17,20,25,26,12,0,2011-11-17
11134,01,02,06,07,30,31,10,0,2011-11-15
11133,12,14,20,21,25,31,16,0,2011-11-13
11132,02,05,12,13,25,33,07,0,2011-11-10
11131,02,07,09,17,21,25,01,0,2011-11-08
11130,07,14,18,23,25,32,15,0,2011-11-06
11129,07,10,11,21,23,26,06,0,2011-11-03
11128,09,11,14,17,19,23,12,0,2011-11-01
11127,16,19,22,23,27,29,11,0,2011-10-30
11126,03,07,13,18,23,26,16,0,2011-10-27
11125,03,10,15,24,27,32,08,0,2011-10-25
11124,09,18,19,26,31,32,16,0,2011-10-23
11123,01,04,05,14,19,28,16,0,2011-10-20
11122,10,12,18,26,27,31,03,0,2011-10-18
11121,04,14,22,25,32,33,02,0,2011-10-16
11120,04,14,17,28,30,33,07,0,2011-10-13
11119,09,12,14,19,28,32,01,0,2011-10-11
11118,05,06,11,14,20,21,10,0,2011-10-09
11117,08,10,19,26,28,30,04,0,2011-10-06
11116,01,07,11,12,17,27,05,0,2011-10-04
11115,07,08,09,12,17,33,16,0,2011-10-02
11114,01,14,15,16,30,32,09,0,2011-09-29
11113,06,10,11,25,32,33,05,0,2011-09-27
11112,03,05,16,18,23,24,15,0,2011-09-25
11111,01,03,05,20,25,27,04,0,2011-09-22
11110,12,14,21,26,28,33,12,0,2011-09-20
11109,01,03,09,15,16,33,15,0,2011-09-18
11108,02,17,22,26,29,33,10,0,2011-09-15
11107,04,09,16,17,22,29,15,0,2011-09-13
11106,02,11,12,14,24,32,14,0,2011-09-11
11105,04,06,23,25,27,28,01,0,2011-09-08
11104,09,10,16,20,25,29,09,0,2011-09-06
11103,04,05,10,13,15,16,12,0,2011-09-04
11102,01,05,13,21,27,31,11,0,2011-09-01
11101,06,10,19,23,29,31,06,0,2011-08-30
11100,07,11,21,23,31,32,05,0,2011-08-28
11099,10,12,13,21,26,27,14,0,2011-08-25
11098,03,07,20,21,22,32,05,0,2011-08-23
11097,09,17,19,20,21,26,16,0,2011-08-21
11096,01,04,07,13,14,19,15,0,2011-08-18
11095,03,07,08,10,23,24,05,0,2011-08-16
11094,09,11,12,17,18,19,05,0,2011-08-14
11093,04,07,11,13,23,30,09,0,2011-08-11
11092,05,10,17,26,31,32,04,0,2011-08-09
11091,09,15,21,23,28,30,03,0,2011-08-07
11090,02,05,14,18,21,25,16,0,2011-08-04
11089,01,02,11,24,29,30,12,0,2011-08-02
11088,03,09,17,20,21,29,04,0,2011-07-31
11087,02,03,04,05,18,28,01,0,2011-07-28
11086,06,07,09,12,17,24,09,0,2011-07-26
11085,03,06,11,21,24,31,10,0,2011-07-24
11084,09,10,12,16,18,32,15,0,2011-07-21
11083,07,16,18,24,28,29,06,0,2011-07-19
11082,07,16,17,20,25,26,04,0,2011-07-17
11081,06,14,19,23,25,32,12,0,2011-07-14
11080,02,07,09,25,31,32,09,0,2011-07-12
11079,03,14,15,16,24,29,05,0,2011-07-10
11078,03,05,13,20,22,29,09,0,2011-07-07
11077,01,07,08,15,26,29,10,0,2011-07-05
11076,06,19,21,26,32,33,13,0,2011-07-03
11075,07,09,10,12,31,32,13,0,2011-06-30
11074,02,21,26,28,29,32,01,0,2011-06-28
11073,03,04,05,12,17,21,14,0,2011-06-26
11072,01,06,10,11,18,27,12,0,2011-06-23
11071,01,02,15,22,28,30,02,0,2011-06-21
11070,01,03,05,12,21,28,12,0,2011-06-19
11069,02,13,16,18,24,30,12,0,2011-06-16
11068,03,07,10,15,19,24,10,0,2011-06-14
11067,17,19,20,24,25,27,12,0,2011-06-12
11066,04,06,14,17,30,32,12,0,2011-06-09
11065,04,16,23,25,27,29,03,0,2011-06-07
11064,03,06,07,29,30,33,02,0,2011-06-05
11063,04,06,13,15,18,19,05,0,2011-06-02
11062,04,08,09,10,29,30,03,0,2011-05-31
11061,02,03,08,13,19,21,03,0,2011-05-29
11060,10,11,13,21,27,31,01,0,2011-05-26
11059,24,26,27,29,31,33,16,0,2011-05-24
11058,07,18,22,30,32,33,06,0,2011-05-22
11057,04,06,20,21,26,33,02,0,2011-05-19
11056,13,16,19,20,23,25,10,0,2011-05-17
11055,08,13,16,17,29,32,16,0,2011-05-15
11054,08,11,16,17,22,33,08,0,2011-05-12
11053,03,06,10,12,22,30,15,0,2011-05-10
11052,04,05,08,19,27,28,08,0,2011-05-08
11051,01,07,11,14,15,16,14,0,2011-05-05
11050,04,05,19,22,28,29,15,0,2011-05-03
11049,01,11,17,18,27,31,14,0,2011-05-01
11048,10,14,18,25,26,27,15,0,2011-04-28
11047,04,13,23,25,27,33,14,0,2011-04-26
11046,09,17,18,26,29,30,08,0,2011-04-24
11045,02,16,17,20,26,32,08,0,2011-04-21
11044,03,14,16,26,27,31,09,0,2011-04-19
11043,04,13,14,17,25,31,04,0,2011-04-17
11042,05,13,15,17,19,21,15,0,2011-04-14
11041,04,10,12,13,30,32,13,0,2011-04-12
11040,05,11,14,24,26,28,13,0,2011-04-10
11039,03,07,10,16,24,29,13,0,2011-04-07
11038,02,14,15,19,23,24,12,0,2011-04-05
11037,01,03,04,06,17,25,11,0,2011-04-03
11036,02,11,20,22,24,31,05,0,2011-03-31
11035,13,14,18,20,27,31,02,0,2011-03-29
11034,13,14,17,19,24,31,08,0,2011-03-27
11033,02,08,12,13,19,29,04,0,2011-03-24
11032,03,05,07,13,14,15,15,0,2011-03-22
11031,16,17,24,28,29,32,12,0,2011-03-20
11030,02,09,19,24,25,33,10,0,2011-03-17
11029,01,04,09,10,20,31,07,0,2011-03-15
11028,01,04,05,14,16,17,01,0,2011-03-13
11027,13,18,21,22,25,26,01,0,2011-03-10
11026,07,08,17,19,21,26,12,0,2011-03-08
11025,08,25,26,31,32,33,09,0,2011-03-06
11024,05,07,10,19,26,31,14,0,2011-03-03
11023,02,03,06,21,22,25,05,0,2011-03-01
11022,02,07,14,16,17,21,05,0,2011-02-27
11021,01,02,14,18,25,31,08,0,2011-02-24
11020,12,16,17,19,24,30,05,0,2011-02-22
11019,02,04,12,19,32,33,16,0,2011-02-20
11018,13,15,18,28,30,33,01,0,2011-02-17
11017,02,06,15,23,26,33,08,0,2011-02-15
11016,03,04,16,17,22,29,13,0,2011-02-13
11015,03,06,13,26,27,29,07,0,2011-02-10
11014,05,07,10,11,23,26,16,0,2011-02-01
11013,01,03,13,16,21,22,08,0,2011-01-30
11012,07,08,11,13,15,26,13,0,2011-01-27
11011,01,12,18,19,21,24,10,0,2011-01-25
11010,01,04,05,09,15,19,13,0,2011-01-23
11009,17,18,23,24,25,26,04,0,2011-01-20
11008,10,12,13,17,24,31,15,0,2011-01-18
11007,01,09,17,24,26,31,05,0,2011-01-16
11006,01,03,05,13,16,18,05,0,2011-01-13
11005,06,09,12,14,20,22,13,0,2011-01-11
11004,04,06,08,10,13,26,05,0,2011-01-09
11003,13,14,21,22,23,27,04,0,2011-01-06
11002,06,08,12,17,28,33,05,0,2011-01-04
11001,03,09,20,24,26,32,10,0,2011-01-02
12154,05,07,12,16,28,32,04,0,2012-12-30
12153,04,05,11,21,27,28,10,0,2012-12-27
12152,10,12,18,22,28,29,07,0,2012-12-25
12151,05,14,24,25,26,32,01,0,2012-12-23
12150,09,11,17,23,24,26,07,0,2012-12-20
12149,01,05,13,25,26,32,13,0,2012-12-18
12148,03,06,11,17,21,31,07,0,2012-12-16
12147,02,12,15,23,24,32,09,0,2012-12-13
12146,01,05,07,13,29,32,13,0,2012-12-11
12145,05,20,26,27,28,33,03,0,2012-12-09
12144,03,10,12,13,27,30,04,0,2012-12-06
12143,07,08,18,25,30,32,06,0,2012-12-04
12142,05,18,22,28,29,31,06,0,2012-12-02
12141,03,05,08,19,20,27,09,0,2012-11-29
12140,14,18,27,30,31,33,15,0,2012-11-27
12139,08,19,21,24,28,31,15,0,2012-11-25
12138,01,07,16,17,19,21,14,0,2012-11-22
12137,01,02,04,06,13,17,07,0,2012-11-20
12136,02,07,08,17,21,28,11,0,2012-11-18
12135,02,05,07,08,11,17,16,0,2012-11-15
12134,02,05,06,07,13,23,15,0,2012-11-13
12133,01,08,11,20,21,29,02,0,2012-11-11
12132,07,12,16,17,21,25,10,0,2012-11-08
12131,06,18,19,26,28,32,12,0,2012-11-06
12130,01,03,15,20,22,31,03,0,2012-11-04
12129,01,07,09,17,21,29,01,0,2012-11-01
12128,05,09,12,29,30,31,05,0,2012-10-30
12127,01,09,11,21,26,32,08,0,2012-10-28
12126,03,05,12,15,23,24,07,0,2012-10-25
12125,08,12,13,26,29,33,01,0,2012-10-23
12124,06,07,21,25,27,33,11,0,2012-10-21
12123,08,10,16,25,28,33,09,0,2012-10-18
12122,12,13,19,22,28,29,11,0,2012-10-16
12121,01,07,08,20,23,24,11,0,2012-10-14
12120,01,04,20,24,28,29,16,0,2012-10-11
12119,12,20,25,26,27,28,13,0,2012-10-09
12118,05,06,07,12,15,28,11,0,2012-10-07
12117,13,15,18,20,24,28,09,0,2012-10-04
12116,03,21,26,29,31,32,03,0,2012-10-02
12115,03,08,20,24,26,32,14,0,2012-09-30
12114,01,06,11,26,27,29,15,0,2012-09-27
12113,03,06,09,13,18,32,06,0,2012-09-25
12112,08,15,20,21,27,31,06,0,2012-09-23
12111,02,09,10,20,22,31,13,0,2012-09-20
12110,03,07,10,13,22,32,09,0,2012-09-18
12109,02,12,24,26,29,31,03,0,2012-09-16
12108,01,09,12,13,19,28,13,0,2012-09-13
12107,11,12,15,24,25,31,09,0,2012-09-11
12106,13,14,20,22,23,32,16,0,2012-09-09
12105,06,13,14,15,17,30,04,0,2012-09-06
12104,04,05,09,10,19,28,03,0,2012-09-04
12103,04,09,11,14,32,33,02,0,2012-09-02
12102,13,25,27,28,29,30,15,0,2012-08-30
12101,09,12,17,18,20,33,02,0,2012-08-28
12100,05,07,15,18,25,33,10,0,2012-08-26
12099,08,12,15,16,21,27,16,0,2012-08-23
12098,02,12,19,26,29,31,09,0,2012-08-21
12097,05,08,13,14,19,22,06,0,2012-08-19
12096,04,07,11,16,29,33,07,0,2012-08-16
12095,17,24,27,28,29,30,02,0,2012-08-14
12094,06,09,14,16,23,33,15,0,2012-08-12
12093,03,05,19,21,24,33,13,0,2012-08-09
12092,06,13,17,18,28,32,03,0,2012-08-07
12091,01,05,07,08,19,21,16,0,2012-08-05
12090,02,13,20,25,29,30,11,0,2012-08-02
12089,03,07,10,13,14,25,11,0,2012-07-31
12088,03,05,23,24,27,31,15,0,2012-07-29
12087,03,10,11,13,14,22,09,0,2012-07-26
12086,08,09,13,15,22,23,08,0,2012-07-24
12085,05,17,24,30,31,33,05,0,2012-07-22
12084,02,10,20,26,28,29,14,0,2012-07-19
12083,04,09,14,15,26,33,04,0,2012-07-17
12082,02,04,11,18,22,29,06,0,2012-07-15
12081,02,05,10,24,25,29,06,0,2012-07-12
12080,04,09,14,15,16,27,03,0,2012-07-10
12079,06,07,12,24,30,33,12,0,2012-07-08
12078,08,15,22,24,28,33,12,0,2012-07-05
12077,02,04,13,18,26,28,12,0,2012-07-03
12076,11,18,22,27,29,30,15,0,2012-07-01
12075,04,06,22,23,29,32,11,0,2012-06-28
12074,15,16,18,19,28,32,08,0,2012-06-26
12073,04,07,09,10,17,27,05,0,2012-06-24
12072,02,03,07,09,13,30,06,0,2012-06-21
12071,03,04,19,21,22,23,08,0,2012-06-19
12070,02,03,04,24,31,32,11,0,2012-06-17
12069,08,10,11,18,20,29,06,0,2012-06-14
12068,05,17,22,26,32,33,10,0,2012-06-12
12067,04,05,10,21,26,30,16,0,2012-06-10
12066,01,02,09,26,29,33,12,0,2012-06-07
12065,08,10,18,19,27,31,14,0,2012-06-05
12064,05,10,11,16,23,24,11,0,2012-06-03
12063,02,10,17,19,24,27,12,0,2012-05-31
12062,02,13,16,17,20,31,07,0,2012-05-29
12061,03,08,11,12,14,18,14,0,2012-05-27
12060,07,10,13,16,17,29,01,0,2012-05-24
12059,04,13,21,22,26,31,01,0,2012-05-22
12058,03,06,15,20,25,26,04,0,2012-05-20
12057,03,05,19,21,27,31,04,0,2012-05-17
12056,04,07,14,17,26,31,10,0,2012-05-15
12055,04,06,13,20,24,28,01,0,2012-05-13
12054,06,14,18,20,30,33,14,0,2012-05-10
12053,04,15,22,25,27,33,04,0,2012-05-08
12052,02,03,05,06,20,24,04,0,2012-05-06
12051,02,12,14,17,30,31,09,0,2012-05-03
12050,07,13,15,17,19,24,11,0,2012-05-01
12049,04,12,13,19,20,32,02,0,2012-04-29
12048,01,05,14,22,24,30,10,0,2012-04-26
12047,06,07,11,16,32,33,11,0,2012-04-24
12046,04,12,19,20,23,33,06,0,2012-04-22
12045,08,11,20,21,27,30,09,0,2012-04-19
12044,06,09,10,14,22,25,03,0,2012-04-17
12043,02,09,11,21,26,33,03,0,2012-04-15
12042,05,06,11,19,24,28,16,0,2012-04-12
12041,08,11,15,20,24,32,02,0,2012-04-10
12040,03,08,09,22,25,31,10,0,2012-04-08
12039,01,02,05,13,22,29,08,0,2012-04-05
12038,09,10,11,15,19,33,16,0,2012-04-03
12037,05,14,19,24,28,33,09,0,2012-04-01
12036,02,11,13,18,19,26,09,0,2012-03-29
12035,09,11,12,21,24,26,05,0,2012-03-27
12034,02,03,08,23,32,33,16,0,2012-03-25
12033,02,03,15,16,17,27,04,0,2012-03-22
12032,01,02,10,17,22,24,04,0,2012-03-20
12031,04,16,22,24,27,31,03,0,2012-03-18
12030,09,10,17,18,21,31,08,0,2012-03-15
12029,04,07,15,25,26,28,03,0,2012-03-13
12028,10,15,20,21,28,30,11,0,2012-03-11
12027,04,16,22,25,30,31,12,0,2012-03-08
12026,03,07,09,15,24,25,16,0,2012-03-06
12025,03,08,09,17,25,27,06,0,2012-03-04
12024,04,12,19,21,25,28,13,0,2012-03-01
12023,05,09,15,23,24,33,02,0,2012-02-28
12022,04,08,12,24,26,27,04,0,2012-02-26
12021,01,15,16,18,22,30,03,0,2012-02-23
12020,03,08,12,18,23,29,11,0,2012-02-21
12019,07,14,18,20,22,30,16,0,2012-02-19
12018,03,05,06,22,26,32,15,0,2012-02-16
12017,06,09,14,19,25,28,10,0,2012-02-14
12016,02,05,12,17,22,25,08,0,2012-02-12
12015,01,03,06,10,21,23,15,0,2012-02-09
12014,01,02,05,16,28,30,12,0,2012-02-07
12013,06,08,24,29,30,32,13,0,2012-02-05
12012,15,17,18,20,23,27,01,0,2012-02-02
12011,04,14,15,16,20,26,05,0,2012-01-31
12010,01,03,13,19,25,26,10,0,2012-01-29
12009,04,16,24,26,27,33,11,0,2012-01-19
12008,01,12,20,23,24,29,08,0,2012-01-17
12007,10,17,19,27,28,32,04,0,2012-01-15
12006,02,22,25,29,32,33,08,0,2012-01-12
12005,07,09,18,27,31,33,06,0,2012-01-10
12004,01,05,10,11,21,23,16,0,2012-01-08
12003,03,06,08,24,29,31,09,0,2012-01-05
12002,02,03,07,09,10,32,13,0,2012-01-03
12001,01,04,05,09,15,17,06,0,2012-01-01